<?xml version="1.0" encoding="UTF-8"?>
<!-- Generated by org.testng.reporters.JUnitReportReporter -->
<testsuite hostname="DESKTOP-8DTRV31" failures="0" tests="1" name="mavenProject.TestSecond" time="0.005" errors="0" timestamp="18 Mar 2024 06:16:06 GMT" skipped="0">
  <testcase classname="mavenProject.TestSecond" name="testsecond" time="0.005"/>
</testsuite> <!-- mavenProject.TestSecond -->
