<?xml version="1.0" encoding="UTF-8"?>
<!-- Generated by org.testng.reporters.JUnitReportReporter -->
<testsuite hostname="DESKTOP-8DTRV31" failures="0" tests="1" name="mavenProject.Test1" time="0.028" errors="0" timestamp="18 Mar 2024 05:37:37 GMT" skipped="0">
  <testcase classname="mavenProject.Test1" name="test1" time="0.028"/>
</testsuite> <!-- mavenProject.Test1 -->
