<?xml version="1.0" encoding="UTF-8"?>
<!-- Generated by org.testng.reporters.JUnitReportReporter -->
<testsuite hostname="DESKTOP-8DTRV31" failures="0" tests="1" name="mavenProject.TestFirst" time="0.031" errors="0" timestamp="18 Mar 2024 06:23:24 GMT" skipped="0">
  <testcase classname="mavenProject.TestFirst" name="testfirst" time="0.031"/>
</testsuite> <!-- mavenProject.TestFirst -->
